<?xml version="1.0" encoding="UTF-8"?>
<testng-results ignored="0" total="12" passed="6" failed="6" skipped="0">
  <reporter-output>
    <line>
      <![CDATA[Books page loaded]]>
    </line>
    <line>
      <![CDATA[Electronics page loaded]]>
    </line>
    <line>
      <![CDATA[Books page loaded]]>
    </line>
    <line>
      <![CDATA[Electronics page loaded]]>
    </line>
    <line>
      <![CDATA[Books page loaded]]>
    </line>
    <line>
      <![CDATA[Electronics page loaded]]>
    </line>
  </reporter-output>
  <suite started-at="2024-10-29T12:12:29 IST" name="Suite" finished-at="2024-10-29T12:14:21 IST" duration-ms="112345">
    <groups>
    </groups>
    <test started-at="2024-10-29T12:12:29 IST" name="Test1" finished-at="2024-10-29T12:13:03 IST" duration-ms="33652">
      <class name="TestNgAssignment.ComputersTNg">
        <test-method is-config="true" signature="launchbrowser(java.lang.String)[pri:0, instance:TestNgAssignment.ComputersTNg@323b36e0]" started-at="2024-10-29T12:12:39 IST" name="launchbrowser" finished-at="2024-10-29T12:12:45 IST" duration-ms="5335" status="PASS">
          <params>
            <param index="0">
              <value>
                <![CDATA[chrome]]>
              </value>
            </param>
          </params>
          <reporter-output>
          </reporter-output>
        </test-method> <!-- launchbrowser -->
        <test-method signature="clickcomputer()[pri:0, instance:TestNgAssignment.ComputersTNg@323b36e0]" started-at="2024-10-29T12:12:45 IST" name="clickcomputer" finished-at="2024-10-29T12:12:47 IST" duration-ms="1879" status="FAIL">
          <exception class="java.lang.AssertionError">
            <message>
              <![CDATA[Computers page not loaded expected [Demo Web Shop. Compute] but found [Demo Web Shop. Computers]]]>
            </message>
            <full-stacktrace>
              <![CDATA[java.lang.AssertionError: Computers page not loaded expected [Demo Web Shop. Compute] but found [Demo Web Shop. Computers]
at org.testng.Assert.fail(Assert.java:99)
at org.testng.Assert.failNotEquals(Assert.java:1037)
at org.testng.Assert.assertEqualsImpl(Assert.java:140)
at org.testng.Assert.assertEquals(Assert.java:122)
at org.testng.Assert.assertEquals(Assert.java:629)
at TestNgAssignment.ComputersTNg.clickcomputer(ComputersTNg.java:19)
at java.base/jdk.internal.reflect.DirectMethodHandleAccessor.invoke(DirectMethodHandleAccessor.java:103)
at java.base/java.lang.reflect.Method.invoke(Method.java:580)
at org.testng.internal.MethodInvocationHelper.invokeMethod(MethodInvocationHelper.java:133)
at org.testng.internal.TestInvoker.invokeMethod(TestInvoker.java:598)
at org.testng.internal.TestInvoker.invokeTestMethod(TestInvoker.java:173)
at org.testng.internal.MethodRunner.runInSequence(MethodRunner.java:46)
at org.testng.internal.TestInvoker$MethodInvocationAgent.invoke(TestInvoker.java:824)
at org.testng.internal.TestInvoker.invokeTestMethods(TestInvoker.java:146)
at org.testng.internal.TestMethodWorker.invokeTestMethods(TestMethodWorker.java:146)
at org.testng.internal.TestMethodWorker.run(TestMethodWorker.java:128)
at java.base/java.util.ArrayList.forEach(ArrayList.java:1597)
at org.testng.TestRunner.privateRun(TestRunner.java:794)
at org.testng.TestRunner.run(TestRunner.java:596)
at org.testng.SuiteRunner.runTest(SuiteRunner.java:377)
at org.testng.SuiteRunner.runSequentially(SuiteRunner.java:371)
at org.testng.SuiteRunner.privateRun(SuiteRunner.java:332)
at org.testng.SuiteRunner.run(SuiteRunner.java:276)
at org.testng.SuiteRunnerWorker.runSuite(SuiteRunnerWorker.java:53)
at org.testng.SuiteRunnerWorker.run(SuiteRunnerWorker.java:96)
at org.testng.TestNG.runSuitesSequentially(TestNG.java:1212)
at org.testng.TestNG.runSuitesLocally(TestNG.java:1134)
at org.testng.TestNG.runSuites(TestNG.java:1063)
at org.testng.TestNG.run(TestNG.java:1031)
at org.testng.remote.AbstractRemoteTestNG.run(AbstractRemoteTestNG.java:115)
at org.testng.remote.RemoteTestNG.initAndRun(RemoteTestNG.java:293)
at org.testng.remote.RemoteTestNG.main(RemoteTestNG.java:91)
]]>
            </full-stacktrace>
          </exception> <!-- java.lang.AssertionError -->
          <reporter-output>
          </reporter-output>
        </test-method> <!-- clickcomputer -->
        <test-method is-config="true" signature="closebrowser()[pri:0, instance:TestNgAssignment.ComputersTNg@323b36e0]" started-at="2024-10-29T12:12:47 IST" name="closebrowser" finished-at="2024-10-29T12:12:47 IST" duration-ms="371" status="PASS">
          <reporter-output>
          </reporter-output>
        </test-method> <!-- closebrowser -->
      </class> <!-- TestNgAssignment.ComputersTNg -->
      <class name="TestNgAssignment.BooksTNg">
        <test-method is-config="true" signature="launchbrowser(java.lang.String)[pri:0, instance:TestNgAssignment.BooksTNg@44ebcd03]" started-at="2024-10-29T12:12:47 IST" name="launchbrowser" finished-at="2024-10-29T12:12:52 IST" duration-ms="4821" status="PASS">
          <params>
            <param index="0">
              <value>
                <![CDATA[chrome]]>
              </value>
            </param>
          </params>
          <reporter-output>
          </reporter-output>
        </test-method> <!-- launchbrowser -->
        <test-method signature="clickbooks()[pri:0, instance:TestNgAssignment.BooksTNg@44ebcd03]" started-at="2024-10-29T12:12:52 IST" name="clickbooks" finished-at="2024-10-29T12:12:54 IST" duration-ms="2382" status="PASS">
          <reporter-output>
            <line>
              <![CDATA[Books page loaded]]>
            </line>
          </reporter-output>
        </test-method> <!-- clickbooks -->
        <test-method is-config="true" signature="closebrowser()[pri:0, instance:TestNgAssignment.BooksTNg@44ebcd03]" started-at="2024-10-29T12:12:54 IST" name="closebrowser" finished-at="2024-10-29T12:12:55 IST" duration-ms="382" status="PASS">
          <reporter-output>
          </reporter-output>
        </test-method> <!-- closebrowser -->
      </class> <!-- TestNgAssignment.BooksTNg -->
      <class name="TestNgAssignment.ElectronicsTNg">
        <test-method is-config="true" signature="launchbrowser(java.lang.String)[pri:0, instance:TestNgAssignment.ElectronicsTNg@694abbdc]" started-at="2024-10-29T12:12:55 IST" name="launchbrowser" finished-at="2024-10-29T12:13:00 IST" duration-ms="5758" status="PASS">
          <params>
            <param index="0">
              <value>
                <![CDATA[chrome]]>
              </value>
            </param>
          </params>
          <reporter-output>
          </reporter-output>
        </test-method> <!-- launchbrowser -->
        <test-method signature="clickelectronic()[pri:0, instance:TestNgAssignment.ElectronicsTNg@694abbdc]" started-at="2024-10-29T12:13:00 IST" name="clickelectronic" finished-at="2024-10-29T12:13:02 IST" duration-ms="1824" status="PASS">
          <reporter-output>
            <line>
              <![CDATA[Electronics page loaded]]>
            </line>
          </reporter-output>
        </test-method> <!-- clickelectronic -->
        <test-method is-config="true" signature="closebrowser()[pri:0, instance:TestNgAssignment.ElectronicsTNg@694abbdc]" started-at="2024-10-29T12:13:02 IST" name="closebrowser" finished-at="2024-10-29T12:13:03 IST" duration-ms="366" status="PASS">
          <reporter-output>
          </reporter-output>
        </test-method> <!-- closebrowser -->
      </class> <!-- TestNgAssignment.ElectronicsTNg -->
      <class name="TestNgAssignment.GiftTNg">
        <test-method is-config="true" signature="launchbrowser(java.lang.String)[pri:0, instance:TestNgAssignment.GiftTNg@3ce1e309]" started-at="2024-10-29T12:12:29 IST" name="launchbrowser" finished-at="2024-10-29T12:12:36 IST" duration-ms="7350" status="PASS">
          <params>
            <param index="0">
              <value>
                <![CDATA[chrome]]>
              </value>
            </param>
          </params>
          <reporter-output>
          </reporter-output>
        </test-method> <!-- launchbrowser -->
        <test-method signature="clickgift()[pri:0, instance:TestNgAssignment.GiftTNg@3ce1e309]" started-at="2024-10-29T12:12:36 IST" name="clickgift" finished-at="2024-10-29T12:12:39 IST" duration-ms="2317" status="FAIL">
          <exception class="java.lang.AssertionError">
            <message>
              <![CDATA[Gift Cards page not loaded expected [Demo Shop. Gift Cards] but found [Demo Web Shop. Gift Cards]]]>
            </message>
            <full-stacktrace>
              <![CDATA[java.lang.AssertionError: Gift Cards page not loaded expected [Demo Shop. Gift Cards] but found [Demo Web Shop. Gift Cards]
at org.testng.Assert.fail(Assert.java:99)
at org.testng.Assert.failNotEquals(Assert.java:1037)
at org.testng.Assert.assertEqualsImpl(Assert.java:140)
at org.testng.Assert.assertEquals(Assert.java:122)
at org.testng.Assert.assertEquals(Assert.java:629)
at TestNgAssignment.GiftTNg.clickgift(GiftTNg.java:18)
at java.base/jdk.internal.reflect.DirectMethodHandleAccessor.invoke(DirectMethodHandleAccessor.java:103)
at java.base/java.lang.reflect.Method.invoke(Method.java:580)
at org.testng.internal.MethodInvocationHelper.invokeMethod(MethodInvocationHelper.java:133)
at org.testng.internal.TestInvoker.invokeMethod(TestInvoker.java:598)
at org.testng.internal.TestInvoker.invokeTestMethod(TestInvoker.java:173)
at org.testng.internal.MethodRunner.runInSequence(MethodRunner.java:46)
at org.testng.internal.TestInvoker$MethodInvocationAgent.invoke(TestInvoker.java:824)
at org.testng.internal.TestInvoker.invokeTestMethods(TestInvoker.java:146)
at org.testng.internal.TestMethodWorker.invokeTestMethods(TestMethodWorker.java:146)
at org.testng.internal.TestMethodWorker.run(TestMethodWorker.java:128)
at java.base/java.util.ArrayList.forEach(ArrayList.java:1597)
at org.testng.TestRunner.privateRun(TestRunner.java:794)
at org.testng.TestRunner.run(TestRunner.java:596)
at org.testng.SuiteRunner.runTest(SuiteRunner.java:377)
at org.testng.SuiteRunner.runSequentially(SuiteRunner.java:371)
at org.testng.SuiteRunner.privateRun(SuiteRunner.java:332)
at org.testng.SuiteRunner.run(SuiteRunner.java:276)
at org.testng.SuiteRunnerWorker.runSuite(SuiteRunnerWorker.java:53)
at org.testng.SuiteRunnerWorker.run(SuiteRunnerWorker.java:96)
at org.testng.TestNG.runSuitesSequentially(TestNG.java:1212)
at org.testng.TestNG.runSuitesLocally(TestNG.java:1134)
at org.testng.TestNG.runSuites(TestNG.java:1063)
at org.testng.TestNG.run(TestNG.java:1031)
at org.testng.remote.AbstractRemoteTestNG.run(AbstractRemoteTestNG.java:115)
at org.testng.remote.RemoteTestNG.initAndRun(RemoteTestNG.java:293)
at org.testng.remote.RemoteTestNG.main(RemoteTestNG.java:91)
]]>
            </full-stacktrace>
          </exception> <!-- java.lang.AssertionError -->
          <reporter-output>
          </reporter-output>
        </test-method> <!-- clickgift -->
        <test-method is-config="true" signature="closebrowser()[pri:0, instance:TestNgAssignment.GiftTNg@3ce1e309]" started-at="2024-10-29T12:12:39 IST" name="closebrowser" finished-at="2024-10-29T12:12:39 IST" duration-ms="423" status="PASS">
          <reporter-output>
          </reporter-output>
        </test-method> <!-- closebrowser -->
      </class> <!-- TestNgAssignment.GiftTNg -->
    </test> <!-- Test1 -->
    <test started-at="2024-10-29T12:13:03 IST" name="Test2" finished-at="2024-10-29T12:13:55 IST" duration-ms="52722">
      <class name="TestNgAssignment.ComputersTNg">
        <test-method is-config="true" signature="launchbrowser(java.lang.String)[pri:0, instance:TestNgAssignment.ComputersTNg@57a3af25]" started-at="2024-10-29T12:13:14 IST" name="launchbrowser" finished-at="2024-10-29T12:13:22 IST" duration-ms="8170" status="PASS">
          <params>
            <param index="0">
              <value>
                <![CDATA[firefox]]>
              </value>
            </param>
          </params>
          <reporter-output>
          </reporter-output>
        </test-method> <!-- launchbrowser -->
        <test-method signature="clickcomputer()[pri:0, instance:TestNgAssignment.ComputersTNg@57a3af25]" started-at="2024-10-29T12:13:22 IST" name="clickcomputer" finished-at="2024-10-29T12:13:24 IST" duration-ms="2034" status="FAIL">
          <exception class="java.lang.AssertionError">
            <message>
              <![CDATA[Computers page not loaded expected [Demo Web Shop. Compute] but found [Demo Web Shop. Computers]]]>
            </message>
            <full-stacktrace>
              <![CDATA[java.lang.AssertionError: Computers page not loaded expected [Demo Web Shop. Compute] but found [Demo Web Shop. Computers]
at org.testng.Assert.fail(Assert.java:99)
at org.testng.Assert.failNotEquals(Assert.java:1037)
at org.testng.Assert.assertEqualsImpl(Assert.java:140)
at org.testng.Assert.assertEquals(Assert.java:122)
at org.testng.Assert.assertEquals(Assert.java:629)
at TestNgAssignment.ComputersTNg.clickcomputer(ComputersTNg.java:19)
at java.base/jdk.internal.reflect.DirectMethodHandleAccessor.invoke(DirectMethodHandleAccessor.java:103)
at java.base/java.lang.reflect.Method.invoke(Method.java:580)
at org.testng.internal.MethodInvocationHelper.invokeMethod(MethodInvocationHelper.java:133)
at org.testng.internal.TestInvoker.invokeMethod(TestInvoker.java:598)
at org.testng.internal.TestInvoker.invokeTestMethod(TestInvoker.java:173)
at org.testng.internal.MethodRunner.runInSequence(MethodRunner.java:46)
at org.testng.internal.TestInvoker$MethodInvocationAgent.invoke(TestInvoker.java:824)
at org.testng.internal.TestInvoker.invokeTestMethods(TestInvoker.java:146)
at org.testng.internal.TestMethodWorker.invokeTestMethods(TestMethodWorker.java:146)
at org.testng.internal.TestMethodWorker.run(TestMethodWorker.java:128)
at java.base/java.util.ArrayList.forEach(ArrayList.java:1597)
at org.testng.TestRunner.privateRun(TestRunner.java:794)
at org.testng.TestRunner.run(TestRunner.java:596)
at org.testng.SuiteRunner.runTest(SuiteRunner.java:377)
at org.testng.SuiteRunner.runSequentially(SuiteRunner.java:371)
at org.testng.SuiteRunner.privateRun(SuiteRunner.java:332)
at org.testng.SuiteRunner.run(SuiteRunner.java:276)
at org.testng.SuiteRunnerWorker.runSuite(SuiteRunnerWorker.java:53)
at org.testng.SuiteRunnerWorker.run(SuiteRunnerWorker.java:96)
at org.testng.TestNG.runSuitesSequentially(TestNG.java:1212)
at org.testng.TestNG.runSuitesLocally(TestNG.java:1134)
at org.testng.TestNG.runSuites(TestNG.java:1063)
at org.testng.TestNG.run(TestNG.java:1031)
at org.testng.remote.AbstractRemoteTestNG.run(AbstractRemoteTestNG.java:115)
at org.testng.remote.RemoteTestNG.initAndRun(RemoteTestNG.java:293)
at org.testng.remote.RemoteTestNG.main(RemoteTestNG.java:91)
]]>
            </full-stacktrace>
          </exception> <!-- java.lang.AssertionError -->
          <reporter-output>
          </reporter-output>
        </test-method> <!-- clickcomputer -->
        <test-method is-config="true" signature="closebrowser()[pri:0, instance:TestNgAssignment.ComputersTNg@57a3af25]" started-at="2024-10-29T12:13:24 IST" name="closebrowser" finished-at="2024-10-29T12:13:26 IST" duration-ms="1103" status="PASS">
          <reporter-output>
          </reporter-output>
        </test-method> <!-- closebrowser -->
      </class> <!-- TestNgAssignment.ComputersTNg -->
      <class name="TestNgAssignment.BooksTNg">
        <test-method is-config="true" signature="launchbrowser(java.lang.String)[pri:0, instance:TestNgAssignment.BooksTNg@2b662a77]" started-at="2024-10-29T12:13:26 IST" name="launchbrowser" finished-at="2024-10-29T12:13:35 IST" duration-ms="9036" status="PASS">
          <params>
            <param index="0">
              <value>
                <![CDATA[firefox]]>
              </value>
            </param>
          </params>
          <reporter-output>
          </reporter-output>
        </test-method> <!-- launchbrowser -->
        <test-method signature="clickbooks()[pri:0, instance:TestNgAssignment.BooksTNg@2b662a77]" started-at="2024-10-29T12:13:35 IST" name="clickbooks" finished-at="2024-10-29T12:13:37 IST" duration-ms="2183" status="PASS">
          <reporter-output>
            <line>
              <![CDATA[Books page loaded]]>
            </line>
          </reporter-output>
        </test-method> <!-- clickbooks -->
        <test-method is-config="true" signature="closebrowser()[pri:0, instance:TestNgAssignment.BooksTNg@2b662a77]" started-at="2024-10-29T12:13:37 IST" name="closebrowser" finished-at="2024-10-29T12:13:38 IST" duration-ms="1112" status="PASS">
          <reporter-output>
          </reporter-output>
        </test-method> <!-- closebrowser -->
      </class> <!-- TestNgAssignment.BooksTNg -->
      <class name="TestNgAssignment.ElectronicsTNg">
        <test-method is-config="true" signature="launchbrowser(java.lang.String)[pri:0, instance:TestNgAssignment.ElectronicsTNg@7f0eb4b4]" started-at="2024-10-29T12:13:38 IST" name="launchbrowser" finished-at="2024-10-29T12:13:51 IST" duration-ms="13447" status="PASS">
          <params>
            <param index="0">
              <value>
                <![CDATA[firefox]]>
              </value>
            </param>
          </params>
          <reporter-output>
          </reporter-output>
        </test-method> <!-- launchbrowser -->
        <test-method signature="clickelectronic()[pri:0, instance:TestNgAssignment.ElectronicsTNg@7f0eb4b4]" started-at="2024-10-29T12:13:51 IST" name="clickelectronic" finished-at="2024-10-29T12:13:54 IST" duration-ms="2913" status="PASS">
          <reporter-output>
            <line>
              <![CDATA[Electronics page loaded]]>
            </line>
          </reporter-output>
        </test-method> <!-- clickelectronic -->
        <test-method is-config="true" signature="closebrowser()[pri:0, instance:TestNgAssignment.ElectronicsTNg@7f0eb4b4]" started-at="2024-10-29T12:13:54 IST" name="closebrowser" finished-at="2024-10-29T12:13:55 IST" duration-ms="1117" status="PASS">
          <reporter-output>
          </reporter-output>
        </test-method> <!-- closebrowser -->
      </class> <!-- TestNgAssignment.ElectronicsTNg -->
      <class name="TestNgAssignment.GiftTNg">
        <test-method is-config="true" signature="launchbrowser(java.lang.String)[pri:0, instance:TestNgAssignment.GiftTNg@7f3b84b8]" started-at="2024-10-29T12:13:03 IST" name="launchbrowser" finished-at="2024-10-29T12:13:11 IST" duration-ms="8223" status="PASS">
          <params>
            <param index="0">
              <value>
                <![CDATA[firefox]]>
              </value>
            </param>
          </params>
          <reporter-output>
          </reporter-output>
        </test-method> <!-- launchbrowser -->
        <test-method signature="clickgift()[pri:0, instance:TestNgAssignment.GiftTNg@7f3b84b8]" started-at="2024-10-29T12:13:11 IST" name="clickgift" finished-at="2024-10-29T12:13:13 IST" duration-ms="2087" status="FAIL">
          <exception class="java.lang.AssertionError">
            <message>
              <![CDATA[Gift Cards page not loaded expected [Demo Shop. Gift Cards] but found [Demo Web Shop. Gift Cards]]]>
            </message>
            <full-stacktrace>
              <![CDATA[java.lang.AssertionError: Gift Cards page not loaded expected [Demo Shop. Gift Cards] but found [Demo Web Shop. Gift Cards]
at org.testng.Assert.fail(Assert.java:99)
at org.testng.Assert.failNotEquals(Assert.java:1037)
at org.testng.Assert.assertEqualsImpl(Assert.java:140)
at org.testng.Assert.assertEquals(Assert.java:122)
at org.testng.Assert.assertEquals(Assert.java:629)
at TestNgAssignment.GiftTNg.clickgift(GiftTNg.java:18)
at java.base/jdk.internal.reflect.DirectMethodHandleAccessor.invoke(DirectMethodHandleAccessor.java:103)
at java.base/java.lang.reflect.Method.invoke(Method.java:580)
at org.testng.internal.MethodInvocationHelper.invokeMethod(MethodInvocationHelper.java:133)
at org.testng.internal.TestInvoker.invokeMethod(TestInvoker.java:598)
at org.testng.internal.TestInvoker.invokeTestMethod(TestInvoker.java:173)
at org.testng.internal.MethodRunner.runInSequence(MethodRunner.java:46)
at org.testng.internal.TestInvoker$MethodInvocationAgent.invoke(TestInvoker.java:824)
at org.testng.internal.TestInvoker.invokeTestMethods(TestInvoker.java:146)
at org.testng.internal.TestMethodWorker.invokeTestMethods(TestMethodWorker.java:146)
at org.testng.internal.TestMethodWorker.run(TestMethodWorker.java:128)
at java.base/java.util.ArrayList.forEach(ArrayList.java:1597)
at org.testng.TestRunner.privateRun(TestRunner.java:794)
at org.testng.TestRunner.run(TestRunner.java:596)
at org.testng.SuiteRunner.runTest(SuiteRunner.java:377)
at org.testng.SuiteRunner.runSequentially(SuiteRunner.java:371)
at org.testng.SuiteRunner.privateRun(SuiteRunner.java:332)
at org.testng.SuiteRunner.run(SuiteRunner.java:276)
at org.testng.SuiteRunnerWorker.runSuite(SuiteRunnerWorker.java:53)
at org.testng.SuiteRunnerWorker.run(SuiteRunnerWorker.java:96)
at org.testng.TestNG.runSuitesSequentially(TestNG.java:1212)
at org.testng.TestNG.runSuitesLocally(TestNG.java:1134)
at org.testng.TestNG.runSuites(TestNG.java:1063)
at org.testng.TestNG.run(TestNG.java:1031)
at org.testng.remote.AbstractRemoteTestNG.run(AbstractRemoteTestNG.java:115)
at org.testng.remote.RemoteTestNG.initAndRun(RemoteTestNG.java:293)
at org.testng.remote.RemoteTestNG.main(RemoteTestNG.java:91)
]]>
            </full-stacktrace>
          </exception> <!-- java.lang.AssertionError -->
          <reporter-output>
          </reporter-output>
        </test-method> <!-- clickgift -->
        <test-method is-config="true" signature="closebrowser()[pri:0, instance:TestNgAssignment.GiftTNg@7f3b84b8]" started-at="2024-10-29T12:13:13 IST" name="closebrowser" finished-at="2024-10-29T12:13:14 IST" duration-ms="1106" status="PASS">
          <reporter-output>
          </reporter-output>
        </test-method> <!-- closebrowser -->
      </class> <!-- TestNgAssignment.GiftTNg -->
    </test> <!-- Test2 -->
    <test started-at="2024-10-29T12:13:55 IST" name="Test3" finished-at="2024-10-29T12:14:21 IST" duration-ms="25900">
      <class name="TestNgAssignment.ComputersTNg">
        <test-method is-config="true" signature="launchbrowser(java.lang.String)[pri:0, instance:TestNgAssignment.ComputersTNg@4ec4f3a0]" started-at="2024-10-29T12:14:02 IST" name="launchbrowser" finished-at="2024-10-29T12:14:06 IST" duration-ms="4188" status="PASS">
          <params>
            <param index="0">
              <value>
                <![CDATA[edge]]>
              </value>
            </param>
          </params>
          <reporter-output>
          </reporter-output>
        </test-method> <!-- launchbrowser -->
        <test-method signature="clickcomputer()[pri:0, instance:TestNgAssignment.ComputersTNg@4ec4f3a0]" started-at="2024-10-29T12:14:06 IST" name="clickcomputer" finished-at="2024-10-29T12:14:08 IST" duration-ms="1852" status="FAIL">
          <exception class="java.lang.AssertionError">
            <message>
              <![CDATA[Computers page not loaded expected [Demo Web Shop. Compute] but found [Demo Web Shop. Computers]]]>
            </message>
            <full-stacktrace>
              <![CDATA[java.lang.AssertionError: Computers page not loaded expected [Demo Web Shop. Compute] but found [Demo Web Shop. Computers]
at org.testng.Assert.fail(Assert.java:99)
at org.testng.Assert.failNotEquals(Assert.java:1037)
at org.testng.Assert.assertEqualsImpl(Assert.java:140)
at org.testng.Assert.assertEquals(Assert.java:122)
at org.testng.Assert.assertEquals(Assert.java:629)
at TestNgAssignment.ComputersTNg.clickcomputer(ComputersTNg.java:19)
at java.base/jdk.internal.reflect.DirectMethodHandleAccessor.invoke(DirectMethodHandleAccessor.java:103)
at java.base/java.lang.reflect.Method.invoke(Method.java:580)
at org.testng.internal.MethodInvocationHelper.invokeMethod(MethodInvocationHelper.java:133)
at org.testng.internal.TestInvoker.invokeMethod(TestInvoker.java:598)
at org.testng.internal.TestInvoker.invokeTestMethod(TestInvoker.java:173)
at org.testng.internal.MethodRunner.runInSequence(MethodRunner.java:46)
at org.testng.internal.TestInvoker$MethodInvocationAgent.invoke(TestInvoker.java:824)
at org.testng.internal.TestInvoker.invokeTestMethods(TestInvoker.java:146)
at org.testng.internal.TestMethodWorker.invokeTestMethods(TestMethodWorker.java:146)
at org.testng.internal.TestMethodWorker.run(TestMethodWorker.java:128)
at java.base/java.util.ArrayList.forEach(ArrayList.java:1597)
at org.testng.TestRunner.privateRun(TestRunner.java:794)
at org.testng.TestRunner.run(TestRunner.java:596)
at org.testng.SuiteRunner.runTest(SuiteRunner.java:377)
at org.testng.SuiteRunner.runSequentially(SuiteRunner.java:371)
at org.testng.SuiteRunner.privateRun(SuiteRunner.java:332)
at org.testng.SuiteRunner.run(SuiteRunner.java:276)
at org.testng.SuiteRunnerWorker.runSuite(SuiteRunnerWorker.java:53)
at org.testng.SuiteRunnerWorker.run(SuiteRunnerWorker.java:96)
at org.testng.TestNG.runSuitesSequentially(TestNG.java:1212)
at org.testng.TestNG.runSuitesLocally(TestNG.java:1134)
at org.testng.TestNG.runSuites(TestNG.java:1063)
at org.testng.TestNG.run(TestNG.java:1031)
at org.testng.remote.AbstractRemoteTestNG.run(AbstractRemoteTestNG.java:115)
at org.testng.remote.RemoteTestNG.initAndRun(RemoteTestNG.java:293)
at org.testng.remote.RemoteTestNG.main(RemoteTestNG.java:91)
]]>
            </full-stacktrace>
          </exception> <!-- java.lang.AssertionError -->
          <reporter-output>
          </reporter-output>
        </test-method> <!-- clickcomputer -->
        <test-method is-config="true" signature="closebrowser()[pri:0, instance:TestNgAssignment.ComputersTNg@4ec4f3a0]" started-at="2024-10-29T12:14:08 IST" name="closebrowser" finished-at="2024-10-29T12:14:08 IST" duration-ms="245" status="PASS">
          <reporter-output>
          </reporter-output>
        </test-method> <!-- closebrowser -->
      </class> <!-- TestNgAssignment.ComputersTNg -->
      <class name="TestNgAssignment.BooksTNg">
        <test-method is-config="true" signature="launchbrowser(java.lang.String)[pri:0, instance:TestNgAssignment.BooksTNg@223191a6]" started-at="2024-10-29T12:14:08 IST" name="launchbrowser" finished-at="2024-10-29T12:14:12 IST" duration-ms="3812" status="PASS">
          <params>
            <param index="0">
              <value>
                <![CDATA[edge]]>
              </value>
            </param>
          </params>
          <reporter-output>
          </reporter-output>
        </test-method> <!-- launchbrowser -->
        <test-method signature="clickbooks()[pri:0, instance:TestNgAssignment.BooksTNg@223191a6]" started-at="2024-10-29T12:14:12 IST" name="clickbooks" finished-at="2024-10-29T12:14:14 IST" duration-ms="1954" status="PASS">
          <reporter-output>
            <line>
              <![CDATA[Books page loaded]]>
            </line>
          </reporter-output>
        </test-method> <!-- clickbooks -->
        <test-method is-config="true" signature="closebrowser()[pri:0, instance:TestNgAssignment.BooksTNg@223191a6]" started-at="2024-10-29T12:14:14 IST" name="closebrowser" finished-at="2024-10-29T12:14:15 IST" duration-ms="627" status="PASS">
          <reporter-output>
          </reporter-output>
        </test-method> <!-- closebrowser -->
      </class> <!-- TestNgAssignment.BooksTNg -->
      <class name="TestNgAssignment.ElectronicsTNg">
        <test-method is-config="true" signature="launchbrowser(java.lang.String)[pri:0, instance:TestNgAssignment.ElectronicsTNg@49139829]" started-at="2024-10-29T12:14:15 IST" name="launchbrowser" finished-at="2024-10-29T12:14:19 IST" duration-ms="4247" status="PASS">
          <params>
            <param index="0">
              <value>
                <![CDATA[edge]]>
              </value>
            </param>
          </params>
          <reporter-output>
          </reporter-output>
        </test-method> <!-- launchbrowser -->
        <test-method signature="clickelectronic()[pri:0, instance:TestNgAssignment.ElectronicsTNg@49139829]" started-at="2024-10-29T12:14:19 IST" name="clickelectronic" finished-at="2024-10-29T12:14:21 IST" duration-ms="1982" status="PASS">
          <reporter-output>
            <line>
              <![CDATA[Electronics page loaded]]>
            </line>
          </reporter-output>
        </test-method> <!-- clickelectronic -->
        <test-method is-config="true" signature="closebrowser()[pri:0, instance:TestNgAssignment.ElectronicsTNg@49139829]" started-at="2024-10-29T12:14:21 IST" name="closebrowser" finished-at="2024-10-29T12:14:21 IST" duration-ms="256" status="PASS">
          <reporter-output>
          </reporter-output>
        </test-method> <!-- closebrowser -->
      </class> <!-- TestNgAssignment.ElectronicsTNg -->
      <class name="TestNgAssignment.GiftTNg">
        <test-method is-config="true" signature="launchbrowser(java.lang.String)[pri:0, instance:TestNgAssignment.GiftTNg@4550bb58]" started-at="2024-10-29T12:13:55 IST" name="launchbrowser" finished-at="2024-10-29T12:14:00 IST" duration-ms="4183" status="PASS">
          <params>
            <param index="0">
              <value>
                <![CDATA[edge]]>
              </value>
            </param>
          </params>
          <reporter-output>
          </reporter-output>
        </test-method> <!-- launchbrowser -->
        <test-method signature="clickgift()[pri:0, instance:TestNgAssignment.GiftTNg@4550bb58]" started-at="2024-10-29T12:14:00 IST" name="clickgift" finished-at="2024-10-29T12:14:02 IST" duration-ms="1894" status="FAIL">
          <exception class="java.lang.AssertionError">
            <message>
              <![CDATA[Gift Cards page not loaded expected [Demo Shop. Gift Cards] but found [Demo Web Shop. Gift Cards]]]>
            </message>
            <full-stacktrace>
              <![CDATA[java.lang.AssertionError: Gift Cards page not loaded expected [Demo Shop. Gift Cards] but found [Demo Web Shop. Gift Cards]
at org.testng.Assert.fail(Assert.java:99)
at org.testng.Assert.failNotEquals(Assert.java:1037)
at org.testng.Assert.assertEqualsImpl(Assert.java:140)
at org.testng.Assert.assertEquals(Assert.java:122)
at org.testng.Assert.assertEquals(Assert.java:629)
at TestNgAssignment.GiftTNg.clickgift(GiftTNg.java:18)
at java.base/jdk.internal.reflect.DirectMethodHandleAccessor.invoke(DirectMethodHandleAccessor.java:103)
at java.base/java.lang.reflect.Method.invoke(Method.java:580)
at org.testng.internal.MethodInvocationHelper.invokeMethod(MethodInvocationHelper.java:133)
at org.testng.internal.TestInvoker.invokeMethod(TestInvoker.java:598)
at org.testng.internal.TestInvoker.invokeTestMethod(TestInvoker.java:173)
at org.testng.internal.MethodRunner.runInSequence(MethodRunner.java:46)
at org.testng.internal.TestInvoker$MethodInvocationAgent.invoke(TestInvoker.java:824)
at org.testng.internal.TestInvoker.invokeTestMethods(TestInvoker.java:146)
at org.testng.internal.TestMethodWorker.invokeTestMethods(TestMethodWorker.java:146)
at org.testng.internal.TestMethodWorker.run(TestMethodWorker.java:128)
at java.base/java.util.ArrayList.forEach(ArrayList.java:1597)
at org.testng.TestRunner.privateRun(TestRunner.java:794)
at org.testng.TestRunner.run(TestRunner.java:596)
at org.testng.SuiteRunner.runTest(SuiteRunner.java:377)
at org.testng.SuiteRunner.runSequentially(SuiteRunner.java:371)
at org.testng.SuiteRunner.privateRun(SuiteRunner.java:332)
at org.testng.SuiteRunner.run(SuiteRunner.java:276)
at org.testng.SuiteRunnerWorker.runSuite(SuiteRunnerWorker.java:53)
at org.testng.SuiteRunnerWorker.run(SuiteRunnerWorker.java:96)
at org.testng.TestNG.runSuitesSequentially(TestNG.java:1212)
at org.testng.TestNG.runSuitesLocally(TestNG.java:1134)
at org.testng.TestNG.runSuites(TestNG.java:1063)
at org.testng.TestNG.run(TestNG.java:1031)
at org.testng.remote.AbstractRemoteTestNG.run(AbstractRemoteTestNG.java:115)
at org.testng.remote.RemoteTestNG.initAndRun(RemoteTestNG.java:293)
at org.testng.remote.RemoteTestNG.main(RemoteTestNG.java:91)
]]>
            </full-stacktrace>
          </exception> <!-- java.lang.AssertionError -->
          <reporter-output>
          </reporter-output>
        </test-method> <!-- clickgift -->
        <test-method is-config="true" signature="closebrowser()[pri:0, instance:TestNgAssignment.GiftTNg@4550bb58]" started-at="2024-10-29T12:14:02 IST" name="closebrowser" finished-at="2024-10-29T12:14:02 IST" duration-ms="281" status="PASS">
          <reporter-output>
          </reporter-output>
        </test-method> <!-- closebrowser -->
      </class> <!-- TestNgAssignment.GiftTNg -->
    </test> <!-- Test3 -->
  </suite> <!-- Suite -->
</testng-results>
